<?xml version="1.0" encoding="UTF-8"?>
<!-- Generated by org.testng.reporters.JUnitReportReporter -->
<testsuite hostname="LAPTOP-6UPTAFLI" failures="0" tests="10" name="liveTicketTestCases.EDCLiveTicketCheck" time="336.561" errors="0" timestamp="2023-06-27T17:33:30 IST" skipped="0">
  <testcase classname="liveTicketTestCases.EDCLiveTicketCheck" name="findCTMSLiveTickets" time="40.602"/>
  <system-out/>
  <testcase classname="liveTicketTestCases.EDCLiveTicketCheck" name="findCTMSLiveTickets" time="32.345"/>
  <system-out/>
  <testcase classname="liveTicketTestCases.EDCLiveTicketCheck" name="findCTMSLiveTickets" time="38.646"/>
  <system-out/>
  <testcase classname="liveTicketTestCases.EDCLiveTicketCheck" name="findCTMSLiveTickets" time="28.388"/>
  <system-out/>
  <testcase classname="liveTicketTestCases.EDCLiveTicketCheck" name="findCTMSLiveTickets" time="36.925"/>
  <system-out/>
  <testcase classname="liveTicketTestCases.EDCLiveTicketCheck" name="findCTMSLiveTickets" time="24.874"/>
  <system-out/>
  <testcase classname="liveTicketTestCases.EDCLiveTicketCheck" name="findCTMSLiveTickets" time="32.357"/>
  <system-out/>
  <testcase classname="liveTicketTestCases.EDCLiveTicketCheck" name="findCTMSLiveTickets" time="29.769"/>
  <system-out/>
  <testcase classname="liveTicketTestCases.EDCLiveTicketCheck" name="findCTMSLiveTickets" time="40.084"/>
  <system-out/>
  <testcase classname="liveTicketTestCases.EDCLiveTicketCheck" name="findCTMSLiveTickets" time="32.571"/>
  <system-out/>
</testsuite> <!-- liveTicketTestCases.EDCLiveTicketCheck -->
