<?xml version="1.0" encoding="UTF-8"?>
<!-- Generated by org.testng.reporters.JUnitReportReporter -->
<testsuite hostname="LAPTOP-6UPTAFLI" failures="0" tests="19" name="liveTicketTestCases.IWRSLiveTicketCheck" time="625.331" errors="0" timestamp="2023-06-28T17:28:36 IST" skipped="0">
  <testcase classname="liveTicketTestCases.IWRSLiveTicketCheck" name="findIWRSLiveTickets" time="42.289"/>
  <system-out/>
  <testcase classname="liveTicketTestCases.IWRSLiveTicketCheck" name="findIWRSLiveTickets" time="35.499"/>
  <system-out/>
  <testcase classname="liveTicketTestCases.IWRSLiveTicketCheck" name="findIWRSLiveTickets" time="29.705"/>
  <system-out/>
  <testcase classname="liveTicketTestCases.IWRSLiveTicketCheck" name="findIWRSLiveTickets" time="25.609"/>
  <system-out/>
  <testcase classname="liveTicketTestCases.IWRSLiveTicketCheck" name="findIWRSLiveTickets" time="67.752"/>
  <system-out/>
  <testcase classname="liveTicketTestCases.IWRSLiveTicketCheck" name="findIWRSLiveTickets" time="25.675"/>
  <system-out/>
  <testcase classname="liveTicketTestCases.IWRSLiveTicketCheck" name="findIWRSLiveTickets" time="34.310"/>
  <system-out/>
  <testcase classname="liveTicketTestCases.IWRSLiveTicketCheck" name="findIWRSLiveTickets" time="36.623"/>
  <system-out/>
  <testcase classname="liveTicketTestCases.IWRSLiveTicketCheck" name="findIWRSLiveTickets" time="25.575"/>
  <system-out/>
  <testcase classname="liveTicketTestCases.IWRSLiveTicketCheck" name="findIWRSLiveTickets" time="29.715"/>
  <system-out/>
  <testcase classname="liveTicketTestCases.IWRSLiveTicketCheck" name="findIWRSLiveTickets" time="26.294"/>
  <system-out/>
  <testcase classname="liveTicketTestCases.IWRSLiveTicketCheck" name="findIWRSLiveTickets" time="25.465"/>
  <system-out/>
  <testcase classname="liveTicketTestCases.IWRSLiveTicketCheck" name="findIWRSLiveTickets" time="24.943"/>
  <system-out/>
  <testcase classname="liveTicketTestCases.IWRSLiveTicketCheck" name="findIWRSLiveTickets" time="30.453"/>
  <system-out/>
  <testcase classname="liveTicketTestCases.IWRSLiveTicketCheck" name="findIWRSLiveTickets" time="41.630"/>
  <system-out/>
  <testcase classname="liveTicketTestCases.IWRSLiveTicketCheck" name="findIWRSLiveTickets" time="34.482"/>
  <system-out/>
  <testcase classname="liveTicketTestCases.IWRSLiveTicketCheck" name="findIWRSLiveTickets" time="26.077"/>
  <system-out/>
  <testcase classname="liveTicketTestCases.IWRSLiveTicketCheck" name="findIWRSLiveTickets" time="31.677"/>
  <system-out/>
  <testcase classname="liveTicketTestCases.IWRSLiveTicketCheck" name="findIWRSLiveTickets" time="31.558"/>
  <system-out/>
</testsuite> <!-- liveTicketTestCases.IWRSLiveTicketCheck -->
