<?xml version="1.0" encoding="UTF-8"?>
<!-- Generated by org.testng.reporters.JUnitReportReporter -->
<testsuite hostname="LAPTOP-NOS19ERK" failures="0" tests="12" name="liveTicketTestCases.CTMSLiveTicketCheck" time="412.490" errors="0" timestamp="2023-07-26T18:09:37 IST" skipped="0">
  <testcase classname="liveTicketTestCases.CTMSLiveTicketCheck" name="findCTMSLiveTickets" time="40.910"/>
  <system-out/>
  <testcase classname="liveTicketTestCases.CTMSLiveTicketCheck" name="findCTMSLiveTickets" time="68.869"/>
  <system-out/>
  <testcase classname="liveTicketTestCases.CTMSLiveTicketCheck" name="findCTMSLiveTickets" time="28.226"/>
  <system-out/>
  <testcase classname="liveTicketTestCases.CTMSLiveTicketCheck" name="findCTMSLiveTickets" time="19.788"/>
  <system-out/>
  <testcase classname="liveTicketTestCases.CTMSLiveTicketCheck" name="findCTMSLiveTickets" time="26.290"/>
  <system-out/>
  <testcase classname="liveTicketTestCases.CTMSLiveTicketCheck" name="findCTMSLiveTickets" time="37.243"/>
  <system-out/>
  <testcase classname="liveTicketTestCases.CTMSLiveTicketCheck" name="findCTMSLiveTickets" time="18.582"/>
  <system-out/>
  <testcase classname="liveTicketTestCases.CTMSLiveTicketCheck" name="findCTMSLiveTickets" time="36.475"/>
  <system-out/>
  <testcase classname="liveTicketTestCases.CTMSLiveTicketCheck" name="findCTMSLiveTickets" time="43.693"/>
  <system-out/>
  <testcase classname="liveTicketTestCases.CTMSLiveTicketCheck" name="findCTMSLiveTickets" time="46.807"/>
  <system-out/>
  <testcase classname="liveTicketTestCases.CTMSLiveTicketCheck" name="findCTMSLiveTickets" time="26.082"/>
  <system-out/>
  <testcase classname="liveTicketTestCases.CTMSLiveTicketCheck" name="findCTMSLiveTickets" time="19.525"/>
  <system-out/>
</testsuite> <!-- liveTicketTestCases.CTMSLiveTicketCheck -->
